*** Using Compiler 'V5.06 update 7 (build 960)', folder: 'G:\MDK5.36\ARM\ARMCC\Bin'
Build target 'M4-Robot'
compiling os_app_hooks.c...
compiling system_config.c...
compiling main.c...
compiling delay.c...
compiling stm32f4xx_it.c...
compiling globalTime.c...
compiling MyGlobe.c...
compiling task_handle.c...
compiling task_init.c...
compiling RobotCAN_basic.c...
compiling RobotCAN_CommandLib.c...
compiling RobotCAN_ExecuteLib.c...
compiling RobotCAN_proplist.c...
compiling LED.c...
compiling CAN.c...
compiling USART.c...
compiling Encoder.c...
compiling EXT_IO.c...
compiling Switch.c...
compiling VESC_CAN.c...
compiling ZY_VisualScope.c...
compiling spi.c...
compiling TIM.c...
compiling ADXRS453.c...
compiling AS5047P.c...
compiling Elmo.c...
assembling cpu_a.asm...
compiling cpu_c.c...
compiling lib_ascii.c...
compiling lib_math.c...
compiling IIC.c...
compiling LED_WS2815b.c...
assembling lib_mem_a.asm...
compiling cpu_core.c...
compiling lib_str.c...
compiling lib_mem.c...
compiling os_cfg_app.c...
compiling os_dbg.c...
compiling os_core.c...
compiling os_flag.c...
compiling os_int.c...
compiling os_mem.c...
compiling os_msg.c...
compiling os_mutex.c...
compiling os_pend_multi.c...
compiling os_prio.c...
compiling os_q.c...
compiling os_sem.c...
compiling os_stat.c...
compiling os_tick.c...
compiling os_time.c...
compiling os_task.c...
assembling os_cpu_a.asm...
compiling os_tmr.c...
compiling os_var.c...
compiling os_cpu_c.c...
compiling misc.c...
compiling stm32f4xx_can.c...
compiling stm32f4xx_adc.c...
compiling stm32f4xx_crc.c...
compiling stm32f4xx_cryp_tdes.c...
compiling stm32f4xx_cryp_des.c...
compiling stm32f4xx_cryp.c...
compiling stm32f4xx_cryp_aes.c...
compiling stm32f4xx_dbgmcu.c...
compiling stm32f4xx_dcmi.c...
compiling stm32f4xx_dac.c...
compiling stm32f4xx_dma.c...
compiling stm32f4xx_exti.c...
compiling stm32f4xx_flash.c...
compiling stm32f4xx_gpio.c...
compiling stm32f4xx_fsmc.c...
compiling stm32f4xx_hash.c...
compiling stm32f4xx_hash_md5.c...
compiling stm32f4xx_hash_sha1.c...
compiling stm32f4xx_i2c.c...
compiling stm32f4xx_iwdg.c...
compiling stm32f4xx_rng.c...
compiling stm32f4xx_pwr.c...
compiling stm32f4xx_rcc.c...
compiling stm32f4xx_spi.c...
compiling stm32f4xx_sdio.c...
compiling stm32f4xx_syscfg.c...
compiling stm32f4xx_rtc.c...
compiling stm32f4xx_usart.c...
compiling stm32f4xx_wwdg.c...
compiling stm32f4xx_tim.c...
assembling startup_stm32f4xx.s...
compiling system_stm32f4xx.c...
compiling RobotCOM_ExecuteLib.c...
Com_Lib\RobotCOM_ExecuteLib.c(296): error: At end of source:  #65: expected a ";"
Com_Lib\RobotCOM_ExecuteLib.c: 0 warnings, 1 error
compiling RobotCOM_basic.c...
compiling RobotCOM_CommandLib.c...
compiling RobotCOM_proplist.c...
compiling hust_math_lib.c...
compiling motor_control.c...
compiling TurnArrow.c...
compiling HoldGrip.c...
compiling Archery.c...
"..\OBJ\M4-Robot.axf" - 1 Error(s), 0 Warning(s).
Target not created.
Build Time Elapsed:  00:00:27
